#
# There is insufficient memory for the Java Runtime Environment to continue.
# Native memory allocation (malloc) failed to allocate 65536 bytes for offset table expansion
# Possible reasons:
#   The system is out of physical RAM or swap space
#   In 32 bit mode, the process size limit was hit
# Possible solutions:
#   Reduce memory load on the system
#   Increase physical memory or swap space
#   Check if swap backing store is full
#   Use 64 bit Java on a 64 bit OS
#   Decrease Java heap size (-Xmx/-Xms)
#   Decrease number of Java threads
#   Decrease Java thread stack sizes (-Xss)
#   Set larger code cache with -XX:ReservedCodeCacheSize=
# This output file may be truncated or incomplete.
#
#  Out of Memory Error (blockOffsetTable.cpp:79), pid=7760, tid=6440
#
# JRE version: 7.0_11-b21
# Java VM: Java HotSpot(TM) Client VM (23.6-b04 mixed mode windows-x86 )
# Failed to write core dump. Minidumps are not enabled by default on client versions of Windows
#

---------------  T H R E A D  ---------------

Current thread (0x02aec400):  VMThread [stack: 0x48cd0000,0x48d20000] [id=6440]

Stack: [0x48cd0000,0x48d20000],  sp=0x48d1f850,  free space=318k
Native frames: (J=compiled Java code, j=interpreted, Vv=VM code, C=native code)
V  [jvm.dll+0x16f311]
V  [jvm.dll+0x169625]
V  [jvm.dll+0x5ee80]
V  [jvm.dll+0x6c50b]
V  [jvm.dll+0x6c38e]
V  [jvm.dll+0x6c457]
V  [jvm.dll+0x6cba7]
V  [jvm.dll+0x6b4c4]
V  [jvm.dll+0x6c99b]
V  [jvm.dll+0x64d6d]
V  [jvm.dll+0x87433]
V  [jvm.dll+0x731b3]
V  [jvm.dll+0x6c751]
V  [jvm.dll+0x69fd7]
V  [jvm.dll+0x645a7]
V  [jvm.dll+0x6afc2]
V  [jvm.dll+0x62573]
V  [jvm.dll+0x177476]
V  [jvm.dll+0x14f515]
V  [jvm.dll+0x14e68e]
V  [jvm.dll+0x14ea17]
V  [jvm.dll+0x14eee2]
V  [jvm.dll+0x17f009]
C  [msvcr100.dll+0x5c6de]
C  [msvcr100.dll+0x5c788]
C  [kernel32.dll+0xb713]

VM_Operation (0x4919f4cc): GenCollectForAllocation, mode: safepoint, requested by thread 0x48f0e800


---------------  P R O C E S S  ---------------

Java Threads: ( => current thread )
  0x48f11400 JavaThread "pool-2-thread-1" [_thread_blocked, id=7320, stack(0x491a0000,0x491f0000)]
  0x48f0e800 JavaThread "pool-1-thread-1" [_thread_blocked, id=8012, stack(0x49150000,0x491a0000)]
  0x48deb000 JavaThread "Service Thread" daemon [_thread_blocked, id=7028, stack(0x490b0000,0x49100000)]
  0x48de5400 JavaThread "C1 CompilerThread0" daemon [_thread_blocked, id=7476, stack(0x49060000,0x490b0000)]
  0x48de3400 JavaThread "Attach Listener" daemon [_thread_blocked, id=6808, stack(0x49010000,0x49060000)]
  0x48de2000 JavaThread "Signal Dispatcher" daemon [_thread_blocked, id=7168, stack(0x48fc0000,0x49010000)]
  0x02af7000 JavaThread "Finalizer" daemon [_thread_blocked, id=6612, stack(0x48d70000,0x48dc0000)]
  0x02af2000 JavaThread "Reference Handler" daemon [_thread_blocked, id=3708, stack(0x48d20000,0x48d70000)]
  0x003d9400 JavaThread "main" [_thread_blocked, id=440, stack(0x00910000,0x00960000)]

Other Threads:
=>0x02aec400 VMThread [stack: 0x48cd0000,0x48d20000] [id=6440]
  0x48dfdc00 WatcherThread [stack: 0x49100000,0x49150000] [id=2664]

VM state:at safepoint (normal execution)

VM Mutex/Monitor currently owned by a thread:  ([mutex/lock_event])
[0x003d82a0] Threads_lock - owner thread: 0x02aec400
[0x003d86b0] Heap_lock - owner thread: 0x48f0e800

Heap
 def new generation   total 38592K, used 34368K [0x02b10000, 0x054e0000, 0x18060000)
  eden space 34368K, 100% used [0x02b10000, 0x04ca0000, 0x04ca0000)
  from space 4224K,   0% used [0x04ca0000, 0x04ca0000, 0x050c0000)
  to   space 4224K, 100% used [0x050c0000, 0x054e0000, 0x054e0000)
 tenured generation   total 98244K, used 98242K [0x18060000, 0x1e071000, 0x42b10000)
   the space 98244K,  99% used [0x18060000, 0x1e050af0, 0x1e050c00, 0x1e051000)
 compacting perm gen  total 12288K, used 3596K [0x42b10000, 0x43710000, 0x46b10000)
   the space 12288K,  29% used [0x42b10000, 0x42e930b8, 0x42e93200, 0x43710000)
No shared spaces configured.

Card table byte_map: [0x48910000,0x48b40000] byte_map_base: 0x488fa780

Polling page: 0x00960000

Code Cache  [0x00990000, 0x00c40000, 0x02990000)
 total_blobs=1389 nmethods=1242 adapters=81 free_code_cache=30019Kb largest_free_block=30739584

Compilation events (10 events):
Event: 4.144 Thread 0x48de5400 1238             com.android.dx.cf.code.ExecutionStack::peekLocal (46 bytes)
Event: 4.145 Thread 0x48de5400 nmethod 1238 0x00c3c7c8 code [0x00c3c8e0, 0x00c3ca88]
Event: 4.146 Thread 0x48de5400 1239             com.android.dx.ssa.back.FirstFitLocalCombiningAllocator$Multiset::getAndRemoveHighestCount (63 bytes)
Event: 4.146 Thread 0x48de5400 nmethod 1239 0x00c3cbc8 code [0x00c3ccd0, 0x00c3cdf0]
Event: 4.151 Thread 0x48de5400 1240             com.android.dx.rop.code.Rops::opAput (97 bytes)
Event: 4.151 Thread 0x48de5400 nmethod 1240 0x00c3cfc8 code [0x00c3d140, 0x00c3d4c8]
Event: 4.200 Thread 0x48de5400 1241             com.android.dx.cf.code.BaseMachine::popArgs (204 bytes)
Event: 4.201 Thread 0x48de5400 nmethod 1241 0x00c3d748 code [0x00c3da30, 0x00c3e3d4]
Event: 4.282 Thread 0x48de5400 1242             com.android.dx.ssa.back.FirstFitLocalCombiningAllocator$Alignment$1::nextClearBit (26 bytes)
Event: 4.282 Thread 0x48de5400 nmethod 1242 0x00c3f0c8 code [0x00c3f1e0, 0x00c3f2b8]

GC Heap History (10 events):
Event: 3.808 GC heap after
Heap after GC invocations=38 (full 5):
 def new generation   total 37952K, used 4160K [0x02b10000, 0x05430000, 0x18060000)
  eden space 33792K,   0% used [0x02b10000, 0x02b10000, 0x04c10000)
  from space 4160K, 100% used [0x04c10000, 0x05020000, 0x05020000)
  to   space 4160K,   0% used [0x05020000, 0x05020000, 0x05430000)
 tenured generation   total 84160K, used 59062K [0x18060000, 0x1d290000, 0x42b10000)
   the space 84160K,  70% used [0x18060000, 0x1ba0d810, 0x1ba0da00, 0x1d290000)
 compacting perm gen  total 12288K, used 3592K [0x42b10000, 0x43710000, 0x46b10000)
   the space 12288K,  29% used [0x42b10000, 0x42e92340, 0x42e92400, 0x43710000)
No shared spaces configured.
}
Event: 3.914 GC heap before
{Heap before GC invocations=38 (full 5):
 def new generation   total 37952K, used 37952K [0x02b10000, 0x05430000, 0x18060000)
  eden space 33792K, 100% used [0x02b10000, 0x04c10000, 0x04c10000)
  from space 4160K, 100% used [0x04c10000, 0x05020000, 0x05020000)
  to   space 4160K,   0% used [0x05020000, 0x05020000, 0x05430000)
 tenured generation   total 84160K, used 59062K [0x18060000, 0x1d290000, 0x42b10000)
   the space 84160K,  70% used [0x18060000, 0x1ba0d810, 0x1ba0da00, 0x1d290000)
 compacting perm gen  total 12288K, used 3592K [0x42b10000, 0x43710000, 0x46b10000)
   the space 12288K,  29% used [0x42b10000, 0x42e92350, 0x42e92400, 0x43710000)
No shared spaces configured.
Event: 3.952 GC heap after
Heap after GC invocations=39 (full 5):
 def new generation   total 37952K, used 4159K [0x02b10000, 0x05430000, 0x18060000)
  eden space 33792K,   0% used [0x02b10000, 0x02b10000, 0x04c10000)
  from space 4160K,  99% used [0x05020000, 0x0542fff8, 0x05430000)
  to   space 4160K,   0% used [0x04c10000, 0x04c10000, 0x05020000)
 tenured generation   total 84160K, used 64158K [0x18060000, 0x1d290000, 0x42b10000)
   the space 84160K,  76% used [0x18060000, 0x1bf07868, 0x1bf07a00, 0x1d290000)
 compacting perm gen  total 12288K, used 3592K [0x42b10000, 0x43710000, 0x46b10000)
   the space 12288K,  29% used [0x42b10000, 0x42e92350, 0x42e92400, 0x43710000)
No shared spaces configured.
}
Event: 4.047 GC heap before
{Heap before GC invocations=39 (full 5):
 def new generation   total 37952K, used 37951K [0x02b10000, 0x05430000, 0x18060000)
  eden space 33792K, 100% used [0x02b10000, 0x04c10000, 0x04c10000)
  from space 4160K,  99% used [0x05020000, 0x0542fff8, 0x05430000)
  to   space 4160K,   0% used [0x04c10000, 0x04c10000, 0x05020000)
 tenured generation   total 84160K, used 64158K [0x18060000, 0x1d290000, 0x42b10000)
   the space 84160K,  76% used [0x18060000, 0x1bf07868, 0x1bf07a00, 0x1d290000)
 compacting perm gen  total 12288K, used 3592K [0x42b10000, 0x43710000, 0x46b10000)
   the space 12288K,  29% used [0x42b10000, 0x42e92350, 0x42e92400, 0x43710000)
No shared spaces configured.
Event: 4.086 GC heap after
Heap after GC invocations=40 (full 5):
 def new generation   total 37952K, used 4159K [0x02b10000, 0x05430000, 0x18060000)
  eden space 33792K,   0% used [0x02b10000, 0x02b10000, 0x04c10000)
  from space 4160K,  99% used [0x04c10000, 0x0501fff8, 0x05020000)
  to   space 4160K,   0% used [0x05020000, 0x05020000, 0x05430000)
 tenured generation   total 84160K, used 69189K [0x18060000, 0x1d290000, 0x42b10000)
   the space 84160K,  82% used [0x18060000, 0x1c3f14a8, 0x1c3f1600, 0x1d290000)
 compacting perm gen  total 12288K, used 3592K [0x42b10000, 0x43710000, 0x46b10000)
   the space 12288K,  29% used [0x42b10000, 0x42e92350, 0x42e92400, 0x43710000)
No shared spaces configured.
}
Event: 4.222 GC heap before
{Heap before GC invocations=40 (full 5):
 def new generation   total 37952K, used 37951K [0x02b10000, 0x05430000, 0x18060000)
  eden space 33792K, 100% used [0x02b10000, 0x04c10000, 0x04c10000)
  from space 4160K,  99% used [0x04c10000, 0x0501fff8, 0x05020000)
  to   space 4160K,   0% used [0x05020000, 0x05020000, 0x05430000)
 tenured generation   total 84160K, used 69189K [0x18060000, 0x1d290000, 0x42b10000)
   the space 84160K,  82% used [0x18060000, 0x1c3f14a8, 0x1c3f1600, 0x1d290000)
 compacting perm gen  total 12288K, used 3592K [0x42b10000, 0x43710000, 0x46b10000)
   the space 12288K,  29% used [0x42b10000, 0x42e92350, 0x42e92400, 0x43710000)
No shared spaces configured.
Event: 4.267 GC heap after
Heap after GC invocations=41 (full 5):
 def new generation   total 37952K, used 4160K [0x02b10000, 0x05430000, 0x18060000)
  eden space 33792K,   0% used [0x02b10000, 0x02b10000, 0x04c10000)
  from space 4160K, 100% used [0x05020000, 0x05430000, 0x05430000)
  to   space 4160K,   0% used [0x04c10000, 0x04c10000, 0x05020000)
 tenured generation   total 84160K, used 76348K [0x18060000, 0x1d290000, 0x42b10000)
   the space 84160K,  90% used [0x18060000, 0x1caef188, 0x1caef200, 0x1d290000)
 compacting perm gen  total 12288K, used 3592K [0x42b10000, 0x43710000, 0x46b10000)
   the space 12288K,  29% used [0x42b10000, 0x42e92350, 0x42e92400, 0x43710000)
No shared spaces configured.
}
Event: 4.737 GC heap before
{Heap before GC invocations=41 (full 5):
 def new generation   total 37952K, used 37952K [0x02b10000, 0x05430000, 0x18060000)
  eden space 33792K, 100% used [0x02b10000, 0x04c10000, 0x04c10000)
  from space 4160K, 100% used [0x05020000, 0x05430000, 0x05430000)
  to   space 4160K,   0% used [0x04c10000, 0x04c10000, 0x05020000)
 tenured generation   total 84160K, used 76348K [0x18060000, 0x1d290000, 0x42b10000)
   the space 84160K,  90% used [0x18060000, 0x1caef188, 0x1caef200, 0x1d290000)
 compacting perm gen  total 12288K, used 3596K [0x42b10000, 0x43710000, 0x46b10000)
   the space 12288K,  29% used [0x42b10000, 0x42e930b8, 0x42e93200, 0x43710000)
No shared spaces configured.
Event: 5.327 GC heap after
Heap after GC invocations=42 (full 6):
 def new generation   total 38592K, used 4080K [0x02b10000, 0x054e0000, 0x18060000)
  eden space 34368K,  11% used [0x02b10000, 0x02f0c388, 0x04ca0000)
  from space 4224K,   0% used [0x04ca0000, 0x04ca0000, 0x050c0000)
  to   space 4224K,   0% used [0x050c0000, 0x050c0000, 0x054e0000)
 tenured generation   total 85568K, used 85567K [0x18060000, 0x1d3f0000, 0x42b10000)
   the space 85568K,  99% used [0x18060000, 0x1d3efff8, 0x1d3f0000, 0x1d3f0000)
 compacting perm gen  total 12288K, used 3596K [0x42b10000, 0x43710000, 0x46b10000)
   the space 12288K,  29% used [0x42b10000, 0x42e930b8, 0x42e93200, 0x43710000)
No shared spaces configured.
}
Event: 5.348 GC heap before
{Heap before GC invocations=42 (full 6):
 def new generation   total 38592K, used 34368K [0x02b10000, 0x054e0000, 0x18060000)
  eden space 34368K, 100% used [0x02b10000, 0x04ca0000, 0x04ca0000)
  from space 4224K,   0% used [0x04ca0000, 0x04ca0000, 0x050c0000)
  to   space 4224K,   0% used [0x050c0000, 0x050c0000, 0x054e0000)
 tenured generation   total 85568K, used 85567K [0x18060000, 0x1d3f0000, 0x42b10000)
   the space 85568K,  99% used [0x18060000, 0x1d3efff8, 0x1d3f0000, 0x1d3f0000)
 compacting perm gen  total 12288K, used 3596K [0x42b10000, 0x43710000, 0x46b10000)
   the space 12288K,  29% used [0x42b10000, 0x42e930b8, 0x42e93200, 0x43710000)
No shared spaces configured.

Deoptimization events (0 events):
No events

Internal exceptions (10 events):
Event: 1.482 Thread 0x003d9400 Threw 0x02c4c320 at C:\jdk7u1_32P\jdk7u11\hotspot\src\share\vm\prims\jvm.cpp:1166
Event: 1.482 Thread 0x003d9400 Threw 0x02c4f288 at C:\jdk7u1_32P\jdk7u11\hotspot\src\share\vm\prims\jvm.cpp:1166
Event: 1.761 Thread 0x003d9400 Threw 0x02ee7410 at C:\jdk7u1_32P\jdk7u11\hotspot\src\share\vm\prims\jvm.cpp:1166
Event: 1.762 Thread 0x003d9400 Threw 0x02ee9660 at C:\jdk7u1_32P\jdk7u11\hotspot\src\share\vm\prims\jvm.cpp:1166
Event: 1.763 Thread 0x003d9400 Threw 0x032c4b60 at C:\jdk7u1_32P\jdk7u11\hotspot\src\share\vm\prims\jvm.cpp:1166
Event: 1.763 Thread 0x003d9400 Threw 0x032c7168 at C:\jdk7u1_32P\jdk7u11\hotspot\src\share\vm\prims\jvm.cpp:1166
Event: 1.814 Thread 0x003d9400 Threw 0x02dbcdb8 at C:\jdk7u1_32P\jdk7u11\hotspot\src\share\vm\prims\jvm.cpp:1166
Event: 2.692 Thread 0x48f12800 Threw 0x02c92500 at C:\jdk7u1_32P\jdk7u11\hotspot\src\share\vm\prims\jvm.cpp:1166
Event: 2.692 Thread 0x48f12800 Threw 0x02c97e98 at C:\jdk7u1_32P\jdk7u11\hotspot\src\share\vm\prims\jvm.cpp:1166
Event: 2.693 Thread 0x48f12800 Threw 0x02c9d558 at C:\jdk7u1_32P\jdk7u11\hotspot\src\share\vm\prims\jvm.cpp:1166

Events (10 events):
Event: 5.329 Executing VM operation: RevokeBias done
Event: 5.329 Executing VM operation: RevokeBias
Event: 5.329 Executing VM operation: RevokeBias done
Event: 5.329 Executing VM operation: RevokeBias
Event: 5.329 Executing VM operation: RevokeBias done
Event: 5.329 Executing VM operation: RevokeBias
Event: 5.329 Executing VM operation: RevokeBias done
Event: 5.329 Executing VM operation: BulkRevokeBias
Event: 5.329 Executing VM operation: BulkRevokeBias done
Event: 5.348 Executing VM operation: GenCollectForAllocation


Dynamic libraries:
0x00400000 - 0x0042f000 	C:\Program Files\Java\jdk1.7.0_11\bin\java.exe
0x7c900000 - 0x7c9af000 	C:\WINDOWS\system32\ntdll.dll
0x7c800000 - 0x7c8f6000 	C:\WINDOWS\system32\kernel32.dll
0x77dd0000 - 0x77e6b000 	C:\WINDOWS\system32\ADVAPI32.dll
0x77e70000 - 0x77f02000 	C:\WINDOWS\system32\RPCRT4.dll
0x77fe0000 - 0x77ff1000 	C:\WINDOWS\system32\Secur32.dll
0x7e410000 - 0x7e4a1000 	C:\WINDOWS\system32\USER32.dll
0x77f10000 - 0x77f59000 	C:\WINDOWS\system32\GDI32.dll
0x773d0000 - 0x774d3000 	C:\WINDOWS\WinSxS\x86_Microsoft.Windows.Common-Controls_6595b64144ccf1df_6.0.2600.5512_x-ww_35d4ce83\COMCTL32.dll
0x77c10000 - 0x77c68000 	C:\WINDOWS\system32\msvcrt.dll
0x77f60000 - 0x77fd6000 	C:\WINDOWS\system32\SHLWAPI.dll
0x78aa0000 - 0x78b5e000 	C:\Program Files\Java\jdk1.7.0_11\jre\bin\msvcr100.dll
0x6e8d0000 - 0x6ec1c000 	C:\Program Files\Java\jdk1.7.0_11\jre\bin\client\jvm.dll
0x71ad0000 - 0x71ad9000 	C:\WINDOWS\system32\WSOCK32.dll
0x71ab0000 - 0x71ac7000 	C:\WINDOWS\system32\WS2_32.dll
0x71aa0000 - 0x71aa8000 	C:\WINDOWS\system32\WS2HELP.dll
0x76b40000 - 0x76b6d000 	C:\WINDOWS\system32\WINMM.dll
0x76bf0000 - 0x76bfb000 	C:\WINDOWS\system32\PSAPI.DLL
0x6e820000 - 0x6e82c000 	C:\Program Files\Java\jdk1.7.0_11\jre\bin\verify.dll
0x6d5a0000 - 0x6d5c0000 	C:\Program Files\Java\jdk1.7.0_11\jre\bin\java.dll
0x6e8b0000 - 0x6e8c3000 	C:\Program Files\Java\jdk1.7.0_11\jre\bin\zip.dll
0x6e5c0000 - 0x6e5d4000 	C:\Program Files\Java\jdk1.7.0_11\jre\bin\net.dll
0x6e5e0000 - 0x6e5ef000 	C:\Program Files\Java\jdk1.7.0_11\jre\bin\nio.dll

VM Arguments:
jvm_args: -Xmx1024M -Dfile.encoding=windows-1252 -Duser.country=US -Duser.language=en -Duser.variant 
java_command: com.android.dx.command.Main --dex --num-threads=4 --output E:\workspace_Aceroute_Studio\Aceroute\app\build\intermediates\pre-dexed\debug\SKMaps-37de00d7dacd0fbede5120254404769bec811bf4.jar E:\workspace_Aceroute_Studio\Aceroute\app\libs\SKMaps.jar
Launcher Type: SUN_STANDARD

Environment Variables:
JAVA_HOME=C:\Progra~1\Java\jdk1.7.0_11
PATH=C:\WINDOWS\system32;C:\WINDOWS;C:\WINDOWS\System32\Wbem;C:\Program Files\nodejs\;E:\adt-bundle-windows-x86-20131030\sdk\platform-tools;E:\adt-bundle-windows-x86-20131030\sdk\tools;C:\WINDOWS\system32;C:\WINDOWS;C:\WINDOWS\System32\Wbem;C:\Program Files\nodejs\;E:\adt-bundle-windows-x86-20131030\sdk\platform-tools;E:\adt-bundle-windows-x86-20131030\sdk\tools;C:\WINDOWS\system32;C:\WINDOWS;C:\WINDOWS\System32\Wbem;C:\Program Files\nodejs\;E:\adt-bundle-windows-x86-20131030\sdk\platform-tools;E:\adt-bundle-windows-x86-20131030\sdk\tools;C:\WINDOWS\System32;C:\apache-ant-1.9.4\bin;C:\Program Files\Java\jdk1.7.0_11\bin;C:\softwares\struts-2.3.16.3\lib;D:\Bar_App\jars\google-gson-2.2.4\gson-2.2.4.jar;D:\jerrryyyyy\downloads\android-ndk-r10d\ndk-build.cmd;D:\yash on network\ADT\ADT\adt-bundle-windows-x86-20140702\sdk\platform-tools;D:\yash on network\ADT\ADT\adt-bundle-windows-x86-20140702\sdk\tools;C:\Program Files\Skype\Phone\;C:\apache-ant-1.9.4\bin;C:\Program Files\Java\jdk1.7.0_11\bin;C:\softwares\struts-2.3.16.3\lib;D:\Bar_App\jars\google-gson-2.2.4\gson-2.2.4.jar;D:\jerrryyyyy\downloads\android-ndk-r10d\ndk-build.cmd;D:\yash on network\ADT\ADT\adt-bundle-windows-x86-20140702\sdk\platform-tools;D:\yash on network\ADT\ADT\adt-bundle-windows-x86-20140702\sdk\tools;C:\Program Files\Skype\Phone\;C:\apache-ant-1.9.4\bin;C:\Program Files\Java\jdk1.7.0_11\bin;C:\softwares\struts-2.3.16.3\lib;D:\Bar_App\jars\google-gson-2.2.4\gson-2.2.4.jar;D:\jerrryyyyy\downloads\android-ndk-r10d\ndk-build.cmd;D:\yash on network\ADT\ADT\adt-bundle-windows-x86-20140702\sdk\platform-tools;D:\yash on network\ADT\ADT\adt-bundle-windows-x86-20140702\sdk\tools;C:\Program Files\Skype\Phone\;C:\Documents and Settings\xel301213\Application Data\npm;C:\Program Files\Java\jdk1.6.0_07\bin;E:\adt-bundle-windows-x86-20131030\adt-bundle-windows-x86-20140702\sdk\platform-tools;D:\Software-apkextracterandclassbrowser\dex2jar-0.0.9.9\dex2jar-0.0.9.9;
USERNAME=xel301213
OS=Windows_NT
PROCESSOR_IDENTIFIER=x86 Family 6 Model 23 Stepping 10, GenuineIntel



---------------  S Y S T E M  ---------------

OS: Windows XP Build 2600 Service Pack 3

CPU:total 2 (2 cores per cpu, 1 threads per core) family 6 model 23 stepping 10, cmov, cx8, fxsr, mmx, sse, sse2, sse3, ssse3, tsc

Memory: 4k page, physical 3370572k(71032k free), swap 6227776k(5212k free)

vm_info: Java HotSpot(TM) Client VM (23.6-b04) for windows-x86 JRE (1.7.0_11-b21), built on Jan 12 2013 02:19:22 by "java_re" with unknown MS VC++:1600

time: Sat Oct 24 17:24:24 2015
elapsed time: 6 seconds

